<?xml version="1.0" encoding="UTF-8"?>
<testsuite name="DoctorTest" tests="3" skipped="0" failures="0" errors="0" timestamp="2016-02-23T17:13:49" hostname="epicodus-55.local" time="0.095">
  <properties/>
  <testcase name="equals_returnsTrueIfNamesAretheSame" classname="DoctorTest" time="0.01"/>
  <testcase name="getName_returnsNameOfDoctor" classname="DoctorTest" time="0.0"/>
  <testcase name="all_emptyAtFirst" classname="DoctorTest" time="0.084"/>
  <system-out><![CDATA[]]></system-out>
  <system-err><![CDATA[]]></system-err>
</testsuite>
