<?xml version="1.0" encoding="UTF-8"?>
<testsuite name="DoctorTest" tests="1" skipped="0" failures="0" errors="0" timestamp="2016-02-23T17:06:05" hostname="epicodus-55.local" time="0.097">
  <properties/>
  <testcase name="all_emptyAtFirst" classname="DoctorTest" time="0.097"/>
  <system-out><![CDATA[]]></system-out>
  <system-err><![CDATA[]]></system-err>
</testsuite>
